<?xml version="1.0" encoding="UTF-8"?>
<testsuite xmlns:xsi="http://www.w3.org/2001/XMLSchema-instance" xsi:noNamespaceSchemaLocation="https://maven.apache.org/surefire/maven-surefire-plugin/xsd/surefire-test-report.xsd" version="3.0.2" name="cl.duoc.mssmartrentcatalog.services.CatalogServiceTest" time="0.179" tests="4" errors="0" skipped="0" failures="0">
  <properties>
[...]
</properties>
  <testcase name="updateMachineAvailability_ShouldUpdateWhenExists" classname="cl.duoc.mssmartrentcatalog.services.CatalogServiceTest" time="0.162"/>
  <testcase name="getAllAvailableMachines_ShouldReturnOnlyAvailableMachines" classname="cl.duoc.mssmartrentcatalog.services.CatalogServiceTest" time="0.003"/>
  <testcase name="createMachine_ShouldSaveAndReturnMachine" classname="cl.duoc.mssmartrentcatalog.services.CatalogServiceTest" time="0.004"/>
  <testcase name="updateMachineAvailability_ShouldThrowExceptionWhenNotFound" classname="cl.duoc.mssmartrentcatalog.services.CatalogServiceTest" time="0.005"/>
</testsuite>